
<!DOCTYPE html>
<html>
<head>
  <meta charset="utf-8">
  <meta name="viewport" content="width=device-width, initial-scale=1, shrink-to-fit=no">
  <title>Extent Framework</title>
  <link rel="apple-touch-icon" href="https://cdn.rawgit.com/extent-framework/extent-github-cdn/d74480e/commons/img/logo.png">
  <link rel="shortcut icon" href="https://cdn.rawgit.com/extent-framework/extent-github-cdn/d74480e/commons/img/logo.png">
  <link href="https://cdn.rawgit.com/extent-framework/extent-github-cdn/cd00a5e/spark/css/style.css" rel="stylesheet" />
  <link href="https://stackpath.bootstrapcdn.com/font-awesome/4.7.0/css/font-awesome.min.css" rel="stylesheet">
  <style> </style>
</head>
<script src="https://cdn.rawgit.com/extent-framework/extent-github-cdn/7cc78ce/spark/js/jsontree.js"></script>



<body class="test-view  standard">
    <div class="app header-dark side-nav-folded">
        <div class="layout">
            <div class="header navbar">
    <div class="header-container">
        <div class="nav-logo">
          <a href="index.html">
            <div class="logo logo-dark" style="background-image: url('https://cdn.rawgit.com/extent-framework/extent-github-cdn/d74480e/commons/img/logo.png')"></div>
            <div class="logo logo-white" style="background-image: url('https://cdn.rawgit.com/extent-framework/extent-github-cdn/d74480e/commons/img/logo.png')"></div>
          </a>
        </div>
        <ul class="nav-left">
          <li>
            <a class="sidenav-fold-toggler" href="javascript:void(0);">
              <i class="fa fa-bars"></i>
            </a>
            <a class="sidenav-expand-toggler" href="javascript:void(0);">
              <i class="fa fa-bars"></i>
            </a>
          </li>
          <li class="search-box">
            <a class="search-toggle" href="javascript:void(0);">
              <i class="search-icon fa fa-search"></i>
              <i class="search-icon-close fa fa-close"></i>
            </a>
          </li>
          <li class="search-input">
            <input id="search-tests" class="form-control" type="text" placeholder="Type to search...">
          </li>
        </ul>
        <ul class="nav-right">
          <li class="m-r-10">
            <a href="#">
              <span class="badge badge-primary">Extent Framework</span>
            </a>
          </li>
            <li class="m-r-10">
                <a href="#">
                    <span class="badge badge-primary">08-08-2020 07:52:02</span>
                </a>
            </li>
        </ul>
    </div>
</div>
            <div class="side-nav side-nav-folded">
  <div class="side-nav-inner">
    <ul class="side-nav-menu scrollable">
      <li class="nav-item dropdown">
        <a id="nav-test" class="dropdown-toggle" href="index.html">
          <span class="icon-holder">
            <i class="fa fa-align-left"></i>
          </span>
          <span class="title">Tests</span>
        </a>
      </li>
            <li class="nav-item dropdown">
        <a id="nav-dashboard" class="dropdown-toggle" href="dashboard.html">
          <span class="icon-holder">
            <i class="fa fa-bar-chart"></i>
          </span>
          <span class="title">Dashboard</span>
        </a>
      </li>
    </ul>
  </div>
  <div class="side-nav-controls">
    <ul>
      <li>
        <a href="#" class="lightsout" style="color:#8a8a8a;">
          <i class="fa fa-desktop"></i>"</a>
      </li>
    </ul>
  </div>
</div>

            <div class="page-container">
                <div class="main-content">
                    <div class="test-wrapper row">
                        <div class="test-list">
                            <div class="test-list-tools">
                                <ul class="tools pull-left">
                                    <li>
                                        <a href="">
                                            <span class="font-size-14">Tests</span>
                                        </a>
                                    </li> 
                                </ul>
                                <ul class="tools text-right">
									<li class="user-profile dropdown dropdown-animated scale-left">
										<a href="#" class="dropdown-toggle" data-toggle="dropdown">
											<i class="fa fa-exclamation-circle"></i>
										</a>
										<ul id="status-toggle" class="dropdown-menu dropdown-md p-v-0">
<a status="pass" class="dropdown-item" href="#"><span>Pass</span><span class="status success pull-right"></span></a>											<a status="fail" class="dropdown-item" href="#"><span>Fail</span><span class="status danger pull-right"></span></a>																																																							<div class="dropdown-divider"></div>
											<a status="clear" class="dropdown-item" href="#"><span>Clear</span><span class="pull-right"><i class="fa fa-close"></i></span></a>
										</ul>
									</li>
																		                                </ul>
                            </div>
                            <div class="test-list-wrapper scrollable">
                                <ul class="test-list-item">
										<li class="test-item" status="pass" author="" device="" tag=""> 
											<div class="status-avatar pass-bg">
												<i class="fa fa-check text-white"></i>
											</div>
											<div class="open-test">
												<div class="test-detail"> 
													<p class="name">LoginPageTest</p> 
													<p class="duration text-sm">0h:0m:8s+744ms</p> 
													<span class="datetime">07:52:02 AM</span>
												</div>
											</div>
											<div class="test-contents d-none">
												<div class="detail-head">
													<div class="p-v-10 d-inline-block">	
														<div class="info">
															<h5 class="test-status text-pass">LoginPageTest</h5>
															<span class='badge badge-success'>08-08-2020 07:52:02</span>
															<span class='badge badge-danger'>08-08-2020 07:52:11</span>
															<span class='badge badge-default'>0h:0m:8s+744ms</span>
														</div>
																											</div>
												</div>
<div class="detail-body mt-4">												
	
<table class="table table-sm">
	<thead><tr>
		<th class="status-col">Status</th>
		<th class="timestamp-col">Timestamp</th>
		<th class="details-col">Details</th>
	</tr></thead>
	<tbody>
			<tr class="event-row">
				<td><i class="fa fa-info text-info"></i></td>
				<td>07:52:02</td>
				<td>
Login Test Started..									</td>
			</tr>
			<tr class="event-row">
				<td><i class="fa fa-info text-info"></i></td>
				<td>07:52:11</td>
				<td>
Login Successfull..									</td>
			</tr>
			<tr class="event-row">
				<td><i class="fa fa-check text-pass"></i></td>
				<td>07:52:11</td>
				<td>
Login Test Passed..									</td>
			</tr>
	</tbody>
</table>

</div>    
											</div>
										</li>
										<li class="test-item" status="fail" author="" device="" tag=""> 
											<div class="status-avatar fail-bg">
												<i class="fa fa-times text-white"></i>
											</div>
											<div class="open-test">
												<div class="test-detail"> 
													<p class="name">SearchProductTest</p> 
													<p class="duration text-sm">0h:0m:1s+143ms</p> 
													<span class="datetime">07:52:11 AM</span>
												</div>
											</div>
											<div class="test-contents d-none">
												<div class="detail-head">
													<div class="p-v-10 d-inline-block">	
														<div class="info">
															<h5 class="test-status text-fail">SearchProductTest</h5>
															<span class='badge badge-success'>08-08-2020 07:52:11</span>
															<span class='badge badge-danger'>08-08-2020 07:52:12</span>
															<span class='badge badge-default'>0h:0m:1s+143ms</span>
														</div>
																											</div>
												</div>
<div class="detail-body mt-4">												
	
<table class="table table-sm">
	<thead><tr>
		<th class="status-col">Status</th>
		<th class="timestamp-col">Timestamp</th>
		<th class="details-col">Details</th>
	</tr></thead>
	<tbody>
			<tr class="event-row">
				<td><i class="fa fa-info text-info"></i></td>
				<td>07:52:11</td>
				<td>
SearchProduct Test Started..									</td>
			</tr>
			<tr class="event-row">
				<td><i class="fa fa-times text-fail"></i></td>
				<td>07:52:12</td>
				<td>
System.Reflection.TargetInvocationException: Exception has been thrown by the target of an invocation. ---> OpenQA.Selenium.ElementClickInterceptedException: element click intercepted: Element <input type="text" value="7768076656" class="LM6RPg" title="Search for products, brands and more" name="q" autocomplete="off" placeholder="Search for products, brands and more"> is not clickable at point (553, 28). Other element would receive the click: <div class="_2ISNhP _3AOFWO" tabindex="-1">...</div>
  (Session info: chrome=84.0.4147.105)
   at OpenQA.Selenium.Remote.RemoteWebDriver.UnpackAndThrowOnError(Response errorResponse)
   at OpenQA.Selenium.Remote.RemoteWebDriver.Execute(String driverCommandToExecute, Dictionary`2 parameters)
   at OpenQA.Selenium.Remote.RemoteWebElement.Execute(String commandToExecute, Dictionary`2 parameters)
   at OpenQA.Selenium.Remote.RemoteWebElement.Click()
   --- End of inner exception stack trace ---
   at System.RuntimeMethodHandle.InvokeMethod(Object target, Object[] arguments, Signature sig, Boolean constructor)
   at System.Reflection.RuntimeMethodInfo.UnsafeInvokeInternal(Object obj, Object[] parameters, Object[] arguments)
   at System.Reflection.RuntimeMethodInfo.Invoke(Object obj, BindingFlags invokeAttr, Binder binder, Object[] parameters, CultureInfo culture)
   at OpenQA.Selenium.Support.PageObjects.WebDriverObjectProxy.InvokeMethod(IMethodCallMessage msg, Object representedValue)
   at OpenQA.Selenium.Support.PageObjects.WebElementProxy.Invoke(IMessage msg)
   at System.Runtime.Remoting.Proxies.RealProxy.PrivateInvoke(MessageData& msgData, Int32 type)
   at OpenQA.Selenium.IWebElement.Click()
   at FlipKart.Pages.HomePage.SelectProduct() in C:\Users\HP\source\repos\FlipKart\FlipKart\Pages\HomePage.cs:line 26
   at FlipKart.TestClass.SearchProductTest() in C:\Users\HP\source\repos\FlipKart\FlipKart\Test\TestClass.cs:line 62									</td>
			</tr>
	</tbody>
</table>

</div>    
											</div>
										</li>
										<li class="test-item" status="fail" author="" device="" tag=""> 
											<div class="status-avatar fail-bg">
												<i class="fa fa-times text-white"></i>
											</div>
											<div class="open-test">
												<div class="test-detail"> 
													<p class="name">AddProductToCartTest</p> 
													<p class="duration text-sm">0h:0m:0s+025ms</p> 
													<span class="datetime">07:52:12 AM</span>
												</div>
											</div>
											<div class="test-contents d-none">
												<div class="detail-head">
													<div class="p-v-10 d-inline-block">	
														<div class="info">
															<h5 class="test-status text-fail">AddProductToCartTest</h5>
															<span class='badge badge-success'>08-08-2020 07:52:12</span>
															<span class='badge badge-danger'>08-08-2020 07:52:12</span>
															<span class='badge badge-default'>0h:0m:0s+025ms</span>
														</div>
																											</div>
												</div>
<div class="detail-body mt-4">												
	
<table class="table table-sm">
	<thead><tr>
		<th class="status-col">Status</th>
		<th class="timestamp-col">Timestamp</th>
		<th class="details-col">Details</th>
	</tr></thead>
	<tbody>
			<tr class="event-row">
				<td><i class="fa fa-info text-info"></i></td>
				<td>07:52:12</td>
				<td>
AddProductToCart Test Started..									</td>
			</tr>
			<tr class="event-row">
				<td><i class="fa fa-times text-fail"></i></td>
				<td>07:52:12</td>
				<td>
OpenQA.Selenium.NoSuchElementException: Could not find element by: By.Id: pincodeInputId
   at OpenQA.Selenium.Support.PageObjects.DefaultElementLocator.LocateElement(IEnumerable`1 bys)
   at OpenQA.Selenium.Support.PageObjects.WebElementProxy.get_Element()
   at OpenQA.Selenium.Support.PageObjects.WebElementProxy.Invoke(IMessage msg)
   at System.Runtime.Remoting.Proxies.RealProxy.PrivateInvoke(MessageData& msgData, Int32 type)
   at OpenQA.Selenium.IWebElement.Click()
   at FlipKart.Pages.CartPage.AddToCart() in C:\Users\HP\source\repos\FlipKart\FlipKart\Pages\CartPage.cs:line 30
   at FlipKart.TestClass.AddProductToCartTest() in C:\Users\HP\source\repos\FlipKart\FlipKart\Test\TestClass.cs:line 87									</td>
			</tr>
	</tbody>
</table>

</div>    
											</div>
										</li>
										<li class="test-item" status="fail" author="" device="" tag=""> 
											<div class="status-avatar fail-bg">
												<i class="fa fa-times text-white"></i>
											</div>
											<div class="open-test">
												<div class="test-detail"> 
													<p class="name">AddAddressTest</p> 
													<p class="duration text-sm">0h:0m:0s+013ms</p> 
													<span class="datetime">07:52:13 AM</span>
												</div>
											</div>
											<div class="test-contents d-none">
												<div class="detail-head">
													<div class="p-v-10 d-inline-block">	
														<div class="info">
															<h5 class="test-status text-fail">AddAddressTest</h5>
															<span class='badge badge-success'>08-08-2020 07:52:13</span>
															<span class='badge badge-danger'>08-08-2020 07:52:13</span>
															<span class='badge badge-default'>0h:0m:0s+013ms</span>
														</div>
																											</div>
												</div>
<div class="detail-body mt-4">												
	
<table class="table table-sm">
	<thead><tr>
		<th class="status-col">Status</th>
		<th class="timestamp-col">Timestamp</th>
		<th class="details-col">Details</th>
	</tr></thead>
	<tbody>
			<tr class="event-row">
				<td><i class="fa fa-info text-info"></i></td>
				<td>07:52:13</td>
				<td>
AddAddress Test Started..									</td>
			</tr>
			<tr class="event-row">
				<td><i class="fa fa-times text-fail"></i></td>
				<td>07:52:13</td>
				<td>
OpenQA.Selenium.NoSuchElementException: Could not find element by: By.XPath: //div[@class='_2Y8lQ1']
   at OpenQA.Selenium.Support.PageObjects.DefaultElementLocator.LocateElement(IEnumerable`1 bys)
   at OpenQA.Selenium.Support.PageObjects.WebElementProxy.get_Element()
   at OpenQA.Selenium.Support.PageObjects.WebElementProxy.Invoke(IMessage msg)
   at System.Runtime.Remoting.Proxies.RealProxy.PrivateInvoke(MessageData& msgData, Int32 type)
   at OpenQA.Selenium.IWebElement.Click()
   at FlipKart.Pages.AddAddressPage.ProvideAddress() in C:\Users\HP\source\repos\FlipKart\FlipKart\Pages\AddAddressPage.cs:line 49
   at FlipKart.TestClass.AddAddressTest() in C:\Users\HP\source\repos\FlipKart\FlipKart\Test\TestClass.cs:line 112									</td>
			</tr>
	</tbody>
</table>

</div>    
											</div>
										</li>
										<li class="test-item" status="fail" author="" device="" tag=""> 
											<div class="status-avatar fail-bg">
												<i class="fa fa-times text-white"></i>
											</div>
											<div class="open-test">
												<div class="test-detail"> 
													<p class="name">LogoutAccountTest</p> 
													<p class="duration text-sm">0h:0m:1s+100ms</p> 
													<span class="datetime">07:52:13 AM</span>
												</div>
											</div>
											<div class="test-contents d-none">
												<div class="detail-head">
													<div class="p-v-10 d-inline-block">	
														<div class="info">
															<h5 class="test-status text-fail">LogoutAccountTest</h5>
															<span class='badge badge-success'>08-08-2020 07:52:13</span>
															<span class='badge badge-danger'>08-08-2020 07:52:14</span>
															<span class='badge badge-default'>0h:0m:1s+100ms</span>
														</div>
																											</div>
												</div>
<div class="detail-body mt-4">												
	
<table class="table table-sm">
	<thead><tr>
		<th class="status-col">Status</th>
		<th class="timestamp-col">Timestamp</th>
		<th class="details-col">Details</th>
	</tr></thead>
	<tbody>
			<tr class="event-row">
				<td><i class="fa fa-info text-info"></i></td>
				<td>07:52:13</td>
				<td>
LogoutAccount Test Started..									</td>
			</tr>
			<tr class="event-row">
				<td><i class="fa fa-times text-fail"></i></td>
				<td>07:52:14</td>
				<td>
System.Reflection.TargetInvocationException: Exception has been thrown by the target of an invocation. ---> OpenQA.Selenium.ElementClickInterceptedException: element click intercepted: Element <img width="75" src="//img1a.flixcart.com/www/linchpin/fk-cp-zion/img/flipkart-plus_4ee2f9.png" alt="Flipkart" title="Flipkart" class="_1e_EAo"> is not clickable at point (243, 20). Other element would receive the click: <div class="_2ISNhP _3AOFWO" tabindex="-1">...</div>
  (Session info: chrome=84.0.4147.105)
   at OpenQA.Selenium.Remote.RemoteWebDriver.UnpackAndThrowOnError(Response errorResponse)
   at OpenQA.Selenium.Remote.RemoteWebDriver.Execute(String driverCommandToExecute, Dictionary`2 parameters)
   at OpenQA.Selenium.Remote.RemoteWebElement.Execute(String commandToExecute, Dictionary`2 parameters)
   at OpenQA.Selenium.Remote.RemoteWebElement.Click()
   --- End of inner exception stack trace ---
   at System.RuntimeMethodHandle.InvokeMethod(Object target, Object[] arguments, Signature sig, Boolean constructor)
   at System.Reflection.RuntimeMethodInfo.UnsafeInvokeInternal(Object obj, Object[] parameters, Object[] arguments)
   at System.Reflection.RuntimeMethodInfo.Invoke(Object obj, BindingFlags invokeAttr, Binder binder, Object[] parameters, CultureInfo culture)
   at OpenQA.Selenium.Support.PageObjects.WebDriverObjectProxy.InvokeMethod(IMethodCallMessage msg, Object representedValue)
   at OpenQA.Selenium.Support.PageObjects.WebElementProxy.Invoke(IMessage msg)
   at System.Runtime.Remoting.Proxies.RealProxy.PrivateInvoke(MessageData& msgData, Int32 type)
   at OpenQA.Selenium.IWebElement.Click()
   at FlipKart.Pages.LogoutPage.LogoutFromAccount() in C:\Users\HP\source\repos\FlipKart\FlipKart\Pages\LogoutPage.cs:line 34
   at FlipKart.TestClass.LogoutAccountTest() in C:\Users\HP\source\repos\FlipKart\FlipKart\Test\TestClass.cs:line 137									</td>
			</tr>
	</tbody>
</table>

</div>    
											</div>
										</li>
                                </ul>    
                            </div>
                        </div>
                        <div class="test-content scrollable">
                            <div class="test-content-tools">
                                <ul>
                                    <li>
                                        <a class="back-to-test" href="javascript:void(0)">
                                            <i class="fa fa-arrow-left"></i>
                                        </a>
                                    </li>
                                </ul>
                            </div>
                            <div class="test-content-detail">
                                <div class="detail-body"></div>
                            </div>
                        </div>
                    </div>
                </div>
            </div>
        </div>
    </div>
	<script type='text/javascript'>
	
</script>
<script src="https://cdn.rawgit.com/extent-framework/extent-github-cdn/f97b667/spark/js/script.js"></script>

</body>

</html>